2023-07-21 12:30:04,314 INFO org.springframework.boot.StartupInfoLogger [main] Starting MangaLibraryApplication using Java 17 on LAPTOP-I9SLKJ6M with PID 30540 (C:\Users\nikol\IdeaProjects\NiceName\build\classes\java\main started by nikol in C:\Users\nikol\IdeaProjects\NiceName)
2023-07-21 12:30:04,319 INFO org.springframework.boot.SpringApplication [main] No active profile set, falling back to 1 default profile: "default"
2023-07-21 12:30:05,376 INFO org.springframework.boot.web.embedded.tomcat.TomcatWebServer [main] Tomcat initialized with port(s): 8080 (http)
2023-07-21 12:30:05,390 INFO org.apache.juli.logging.DirectJDKLog [main] Initializing ProtocolHandler ["http-nio-8080"]
2023-07-21 12:30:05,392 INFO org.apache.juli.logging.DirectJDKLog [main] Starting service [Tomcat]
2023-07-21 12:30:05,392 INFO org.apache.juli.logging.DirectJDKLog [main] Starting Servlet engine: [Apache Tomcat/9.0.65]
2023-07-21 12:30:05,513 INFO org.apache.juli.logging.DirectJDKLog [main] Initializing Spring embedded WebApplicationContext
2023-07-21 12:30:05,513 INFO org.springframework.boot.web.servlet.context.ServletWebServerApplicationContext [main] Root WebApplicationContext: initialization completed in 1135 ms
2023-07-21 12:30:05,593 INFO be.kdg.programming3.mangaStore.service.MangakaServiceImpl [main] Creating MangakaRepository
2023-07-21 12:30:05,599 DEBUG be.kdg.programming3.mangaStore.service.MangaServiceImpl [main] constructor mangaService implementation
2023-07-21 12:30:05,936 INFO org.apache.juli.logging.DirectJDKLog [main] Starting ProtocolHandler ["http-nio-8080"]
2023-07-21 12:30:05,953 INFO org.springframework.boot.web.embedded.tomcat.TomcatWebServer [main] Tomcat started on port(s): 8080 (http) with context path ''
2023-07-21 12:30:05,963 INFO org.springframework.boot.StartupInfoLogger [main] Started MangaLibraryApplication in 2.087 seconds (JVM running for 2.856)
2023-07-21 12:30:05,968 INFO be.kdg.programming3.mangaStore.repository.javaCollection.ListMangakaRepository [main] Creating the mangaka Mangaka{id=-1, name='Eiichiro Oda', gender=M, years=47, mangas=[Manga{id=1, title='One Piece', author='Eiichiro Oda', chapters=1062, written=2001-08-11, genre=SHONEN, pricePerCopy=12.5}]}
2023-07-21 12:30:05,978 INFO be.kdg.programming3.mangaStore.repository.javaCollection.ListMangakaRepository [main] Creating the mangaka Mangaka{id=-1, name='Kouji Mori', gender=M, years=55, mangas=[Manga{id=5, title='Berserk', author='Kentaro Miura', chapters=370, written=2003-03-29, genre=HORROR, pricePerCopy=10.99}, Manga{id=6, title='Jisatsutou', author='Kouji Mori', chapters=168, written=2002-04-01, genre=HORROR, pricePerCopy=11.99}]}
2023-07-21 12:30:05,978 INFO be.kdg.programming3.mangaStore.repository.javaCollection.ListMangakaRepository [main] Creating the mangaka Mangaka{id=-1, name='Masashi Kishimoto', gender=M, years=47, mangas=[Manga{id=2, title='Naruto', author='Masashi Kishimoto', chapters=700, written=2002-12-16, genre=ACTION, pricePerCopy=10.0}]}
2023-07-21 12:30:05,978 INFO be.kdg.programming3.mangaStore.repository.javaCollection.ListMangakaRepository [main] Creating the mangaka Mangaka{id=-1, name='Tite Kubo', gender=M, years=45, mangas=[Manga{id=3, title='Bleach', author='Tite Kubo', chapters=686, written=2003-10-20, genre=FANTASY, pricePerCopy=13.6}]}
2023-07-21 12:30:05,978 INFO be.kdg.programming3.mangaStore.repository.javaCollection.ListMangakaRepository [main] Creating the mangaka Mangaka{id=-1, name='Naoshi Komi', gender=M, years=36, mangas=[Manga{id=4, title='Nisekoi', author='Naoshi Komi', chapters=282, written=2004-06-02, genre=ROMANCE, pricePerCopy=11.3}]}
2023-07-21 12:30:05,978 INFO be.kdg.programming3.mangaStore.repository.javaCollection.ListMangakaRepository [main] Creating the mangaka Mangaka{id=-1, name='Mikio Ikemoto', gender=M, years=45, mangas=[Manga{id=2, title='Naruto', author='Masashi Kishimoto', chapters=700, written=2002-12-16, genre=ACTION, pricePerCopy=10.0}]}
2023-07-21 12:30:05,978 INFO be.kdg.programming3.mangaStore.repository.javaCollection.ListMangakaRepository [main] Creating the mangaka Mangaka{id=-1, name='Kentaro Miura', gender=M, years=54, mangas=[Manga{id=5, title='Berserk', author='Kentaro Miura', chapters=370, written=2003-03-29, genre=HORROR, pricePerCopy=10.99}]}
2023-07-21 12:30:44,704 INFO org.apache.juli.logging.DirectJDKLog [http-nio-8080-exec-1] Initializing Spring DispatcherServlet 'dispatcherServlet'
2023-07-21 12:30:44,704 INFO org.springframework.web.servlet.FrameworkServlet [http-nio-8080-exec-1] Initializing Servlet 'dispatcherServlet'
2023-07-21 12:30:44,704 INFO org.springframework.web.servlet.FrameworkServlet [http-nio-8080-exec-1] Completed initialization in 0 ms
2023-07-21 13:15:37,441 INFO org.springframework.boot.StartupInfoLogger [main] Starting MangaLibraryApplication using Java 17 on LAPTOP-I9SLKJ6M with PID 11448 (C:\Users\nikol\IdeaProjects\NiceName\build\classes\java\main started by nikol in C:\Users\nikol\IdeaProjects\NiceName)
2023-07-21 13:15:37,447 INFO org.springframework.boot.SpringApplication [main] No active profile set, falling back to 1 default profile: "default"
2023-07-21 13:15:38,561 INFO org.springframework.boot.web.embedded.tomcat.TomcatWebServer [main] Tomcat initialized with port(s): 8080 (http)
2023-07-21 13:15:38,571 INFO org.apache.juli.logging.DirectJDKLog [main] Initializing ProtocolHandler ["http-nio-8080"]
2023-07-21 13:15:38,573 INFO org.apache.juli.logging.DirectJDKLog [main] Starting service [Tomcat]
2023-07-21 13:15:38,573 INFO org.apache.juli.logging.DirectJDKLog [main] Starting Servlet engine: [Apache Tomcat/9.0.65]
2023-07-21 13:15:38,699 INFO org.apache.juli.logging.DirectJDKLog [main] Initializing Spring embedded WebApplicationContext
2023-07-21 13:15:38,700 INFO org.springframework.boot.web.servlet.context.ServletWebServerApplicationContext [main] Root WebApplicationContext: initialization completed in 1181 ms
2023-07-21 13:15:38,778 INFO be.kdg.programming3.mangaStore.service.MangakaServiceImpl [main] Creating MangakaRepository
2023-07-21 13:15:38,782 DEBUG be.kdg.programming3.mangaStore.service.MangaServiceImpl [main] constructor mangaService implementation
2023-07-21 13:15:39,142 INFO org.apache.juli.logging.DirectJDKLog [main] Starting ProtocolHandler ["http-nio-8080"]
2023-07-21 13:15:39,163 INFO org.springframework.boot.web.embedded.tomcat.TomcatWebServer [main] Tomcat started on port(s): 8080 (http) with context path ''
2023-07-21 13:15:39,175 INFO org.springframework.boot.StartupInfoLogger [main] Started MangaLibraryApplication in 2.206 seconds (JVM running for 3.05)
2023-07-21 13:15:39,179 INFO be.kdg.programming3.mangaStore.repository.javaCollection.ListMangakaRepository [main] Creating the mangaka Mangaka{id=-1, name='Eiichiro Oda', gender=M, years=47, mangas=[Manga{id=1, title='One Piece', author='Eiichiro Oda', chapters=1062, written=2001-08-11, genre=SHONEN, pricePerCopy=12.5}]}
2023-07-21 13:15:39,190 INFO be.kdg.programming3.mangaStore.repository.javaCollection.ListMangakaRepository [main] Creating the mangaka Mangaka{id=-1, name='Kouji Mori', gender=M, years=55, mangas=[Manga{id=5, title='Berserk', author='Kentaro Miura', chapters=370, written=2003-03-29, genre=HORROR, pricePerCopy=10.99}, Manga{id=6, title='Jisatsutou', author='Kouji Mori', chapters=168, written=2002-04-01, genre=HORROR, pricePerCopy=11.99}]}
2023-07-21 13:15:39,190 INFO be.kdg.programming3.mangaStore.repository.javaCollection.ListMangakaRepository [main] Creating the mangaka Mangaka{id=-1, name='Masashi Kishimoto', gender=M, years=47, mangas=[Manga{id=2, title='Naruto', author='Masashi Kishimoto', chapters=700, written=2002-12-16, genre=ACTION, pricePerCopy=10.0}]}
2023-07-21 13:15:39,191 INFO be.kdg.programming3.mangaStore.repository.javaCollection.ListMangakaRepository [main] Creating the mangaka Mangaka{id=-1, name='Tite Kubo', gender=M, years=45, mangas=[Manga{id=3, title='Bleach', author='Tite Kubo', chapters=686, written=2003-10-20, genre=FANTASY, pricePerCopy=13.6}]}
2023-07-21 13:15:39,191 INFO be.kdg.programming3.mangaStore.repository.javaCollection.ListMangakaRepository [main] Creating the mangaka Mangaka{id=-1, name='Naoshi Komi', gender=M, years=36, mangas=[Manga{id=4, title='Nisekoi', author='Naoshi Komi', chapters=282, written=2004-06-02, genre=ROMANCE, pricePerCopy=11.3}]}
2023-07-21 13:15:39,191 INFO be.kdg.programming3.mangaStore.repository.javaCollection.ListMangakaRepository [main] Creating the mangaka Mangaka{id=-1, name='Mikio Ikemoto', gender=M, years=45, mangas=[Manga{id=2, title='Naruto', author='Masashi Kishimoto', chapters=700, written=2002-12-16, genre=ACTION, pricePerCopy=10.0}]}
2023-07-21 13:15:39,191 INFO be.kdg.programming3.mangaStore.repository.javaCollection.ListMangakaRepository [main] Creating the mangaka Mangaka{id=-1, name='Kentaro Miura', gender=M, years=54, mangas=[Manga{id=5, title='Berserk', author='Kentaro Miura', chapters=370, written=2003-03-29, genre=HORROR, pricePerCopy=10.99}]}
2023-07-21 13:16:04,134 INFO org.apache.juli.logging.DirectJDKLog [http-nio-8080-exec-1] Initializing Spring DispatcherServlet 'dispatcherServlet'
2023-07-21 13:16:04,135 INFO org.springframework.web.servlet.FrameworkServlet [http-nio-8080-exec-1] Initializing Servlet 'dispatcherServlet'
2023-07-21 13:16:04,135 INFO org.springframework.web.servlet.FrameworkServlet [http-nio-8080-exec-1] Completed initialization in 0 ms
2023-07-21 13:18:51,276 INFO org.springframework.boot.StartupInfoLogger [main] Starting MangaLibraryApplication using Java 17 on LAPTOP-I9SLKJ6M with PID 29156 (C:\Users\nikol\IdeaProjects\NiceName\build\classes\java\main started by nikol in C:\Users\nikol\IdeaProjects\NiceName)
2023-07-21 13:18:51,280 INFO org.springframework.boot.SpringApplication [main] No active profile set, falling back to 1 default profile: "default"
2023-07-21 13:18:52,249 INFO org.springframework.boot.web.embedded.tomcat.TomcatWebServer [main] Tomcat initialized with port(s): 8080 (http)
2023-07-21 13:18:52,258 INFO org.apache.juli.logging.DirectJDKLog [main] Initializing ProtocolHandler ["http-nio-8080"]
2023-07-21 13:18:52,260 INFO org.apache.juli.logging.DirectJDKLog [main] Starting service [Tomcat]
2023-07-21 13:18:52,260 INFO org.apache.juli.logging.DirectJDKLog [main] Starting Servlet engine: [Apache Tomcat/9.0.65]
2023-07-21 13:18:52,359 INFO org.apache.juli.logging.DirectJDKLog [main] Initializing Spring embedded WebApplicationContext
2023-07-21 13:18:52,360 INFO org.springframework.boot.web.servlet.context.ServletWebServerApplicationContext [main] Root WebApplicationContext: initialization completed in 1022 ms
2023-07-21 13:18:52,448 INFO be.kdg.programming3.mangaStore.service.MangakaServiceImpl [main] Creating MangakaRepository
2023-07-21 13:18:52,455 DEBUG be.kdg.programming3.mangaStore.service.MangaServiceImpl [main] constructor mangaService implementation
2023-07-21 13:18:52,763 INFO org.apache.juli.logging.DirectJDKLog [main] Starting ProtocolHandler ["http-nio-8080"]
2023-07-21 13:18:52,786 INFO org.springframework.boot.web.embedded.tomcat.TomcatWebServer [main] Tomcat started on port(s): 8080 (http) with context path ''
2023-07-21 13:18:52,797 INFO org.springframework.boot.StartupInfoLogger [main] Started MangaLibraryApplication in 2.035 seconds (JVM running for 2.921)
2023-07-21 13:18:52,800 INFO be.kdg.programming3.mangaStore.repository.javaCollection.ListMangakaRepository [main] Creating the mangaka Mangaka{id=-1, name='Eiichiro Oda', gender=M, years=47, mangas=[Manga{id=1, title='One Piece', author='Eiichiro Oda', chapters=1062, written=2001-08-11, genre=SHONEN, pricePerCopy=12.5}]}
2023-07-21 13:18:52,811 INFO be.kdg.programming3.mangaStore.repository.javaCollection.ListMangakaRepository [main] Creating the mangaka Mangaka{id=-1, name='Kouji Mori', gender=M, years=55, mangas=[Manga{id=5, title='Berserk', author='Kentaro Miura', chapters=370, written=2003-03-29, genre=HORROR, pricePerCopy=10.99}, Manga{id=6, title='Jisatsutou', author='Kouji Mori', chapters=168, written=2002-04-01, genre=HORROR, pricePerCopy=11.99}]}
2023-07-21 13:18:52,811 INFO be.kdg.programming3.mangaStore.repository.javaCollection.ListMangakaRepository [main] Creating the mangaka Mangaka{id=-1, name='Masashi Kishimoto', gender=M, years=47, mangas=[Manga{id=2, title='Naruto', author='Masashi Kishimoto', chapters=700, written=2002-12-16, genre=ACTION, pricePerCopy=10.0}]}
2023-07-21 13:18:52,812 INFO be.kdg.programming3.mangaStore.repository.javaCollection.ListMangakaRepository [main] Creating the mangaka Mangaka{id=-1, name='Tite Kubo', gender=M, years=45, mangas=[Manga{id=3, title='Bleach', author='Tite Kubo', chapters=686, written=2003-10-20, genre=FANTASY, pricePerCopy=13.6}]}
2023-07-21 13:18:52,812 INFO be.kdg.programming3.mangaStore.repository.javaCollection.ListMangakaRepository [main] Creating the mangaka Mangaka{id=-1, name='Naoshi Komi', gender=M, years=36, mangas=[Manga{id=4, title='Nisekoi', author='Naoshi Komi', chapters=282, written=2004-06-02, genre=ROMANCE, pricePerCopy=11.3}]}
2023-07-21 13:18:52,812 INFO be.kdg.programming3.mangaStore.repository.javaCollection.ListMangakaRepository [main] Creating the mangaka Mangaka{id=-1, name='Mikio Ikemoto', gender=M, years=45, mangas=[Manga{id=2, title='Naruto', author='Masashi Kishimoto', chapters=700, written=2002-12-16, genre=ACTION, pricePerCopy=10.0}]}
2023-07-21 13:18:52,812 INFO be.kdg.programming3.mangaStore.repository.javaCollection.ListMangakaRepository [main] Creating the mangaka Mangaka{id=-1, name='Kentaro Miura', gender=M, years=54, mangas=[Manga{id=5, title='Berserk', author='Kentaro Miura', chapters=370, written=2003-03-29, genre=HORROR, pricePerCopy=10.99}]}
2023-07-21 13:19:00,302 INFO org.apache.juli.logging.DirectJDKLog [http-nio-8080-exec-1] Initializing Spring DispatcherServlet 'dispatcherServlet'
2023-07-21 13:19:00,303 INFO org.springframework.web.servlet.FrameworkServlet [http-nio-8080-exec-1] Initializing Servlet 'dispatcherServlet'
2023-07-21 13:19:00,304 INFO org.springframework.web.servlet.FrameworkServlet [http-nio-8080-exec-1] Completed initialization in 1 ms
2023-07-21 13:19:52,186 INFO org.springframework.boot.StartupInfoLogger [main] Starting MangaLibraryApplication using Java 17 on LAPTOP-I9SLKJ6M with PID 25760 (C:\Users\nikol\IdeaProjects\NiceName\build\classes\java\main started by nikol in C:\Users\nikol\IdeaProjects\NiceName)
2023-07-21 13:19:52,192 INFO org.springframework.boot.SpringApplication [main] No active profile set, falling back to 1 default profile: "default"
2023-07-21 13:19:53,160 INFO org.springframework.boot.web.embedded.tomcat.TomcatWebServer [main] Tomcat initialized with port(s): 8080 (http)
2023-07-21 13:19:53,170 INFO org.apache.juli.logging.DirectJDKLog [main] Initializing ProtocolHandler ["http-nio-8080"]
2023-07-21 13:19:53,172 INFO org.apache.juli.logging.DirectJDKLog [main] Starting service [Tomcat]
2023-07-21 13:19:53,172 INFO org.apache.juli.logging.DirectJDKLog [main] Starting Servlet engine: [Apache Tomcat/9.0.65]
2023-07-21 13:19:53,297 INFO org.apache.juli.logging.DirectJDKLog [main] Initializing Spring embedded WebApplicationContext
2023-07-21 13:19:53,297 INFO org.springframework.boot.web.servlet.context.ServletWebServerApplicationContext [main] Root WebApplicationContext: initialization completed in 1057 ms
2023-07-21 13:19:53,365 INFO be.kdg.programming3.mangaStore.service.MangakaServiceImpl [main] Creating MangakaRepository
2023-07-21 13:19:53,370 DEBUG be.kdg.programming3.mangaStore.service.MangaServiceImpl [main] constructor mangaService implementation
2023-07-21 13:19:53,716 INFO org.apache.juli.logging.DirectJDKLog [main] Starting ProtocolHandler ["http-nio-8080"]
2023-07-21 13:19:53,739 INFO org.springframework.boot.web.embedded.tomcat.TomcatWebServer [main] Tomcat started on port(s): 8080 (http) with context path ''
2023-07-21 13:19:53,752 INFO org.springframework.boot.StartupInfoLogger [main] Started MangaLibraryApplication in 1.96 seconds (JVM running for 2.783)
2023-07-21 13:19:53,756 INFO be.kdg.programming3.mangaStore.repository.javaCollection.ListMangakaRepository [main] Creating the mangaka Mangaka{id=-1, name='Eiichiro Oda', gender=M, years=47, mangas=[Manga{id=1, title='One Piece', author='Eiichiro Oda', chapters=1062, written=2001-08-11, genre=SHONEN, pricePerCopy=12.5}]}
2023-07-21 13:19:53,771 INFO be.kdg.programming3.mangaStore.repository.javaCollection.ListMangakaRepository [main] Creating the mangaka Mangaka{id=-1, name='Kouji Mori', gender=M, years=55, mangas=[Manga{id=5, title='Berserk', author='Kentaro Miura', chapters=370, written=2003-03-29, genre=HORROR, pricePerCopy=10.99}, Manga{id=6, title='Jisatsutou', author='Kouji Mori', chapters=168, written=2002-04-01, genre=HORROR, pricePerCopy=11.99}]}
2023-07-21 13:19:53,771 INFO be.kdg.programming3.mangaStore.repository.javaCollection.ListMangakaRepository [main] Creating the mangaka Mangaka{id=-1, name='Masashi Kishimoto', gender=M, years=47, mangas=[Manga{id=2, title='Naruto', author='Masashi Kishimoto', chapters=700, written=2002-12-16, genre=ACTION, pricePerCopy=10.0}]}
2023-07-21 13:19:53,772 INFO be.kdg.programming3.mangaStore.repository.javaCollection.ListMangakaRepository [main] Creating the mangaka Mangaka{id=-1, name='Tite Kubo', gender=M, years=45, mangas=[Manga{id=3, title='Bleach', author='Tite Kubo', chapters=686, written=2003-10-20, genre=FANTASY, pricePerCopy=13.6}]}
2023-07-21 13:19:53,772 INFO be.kdg.programming3.mangaStore.repository.javaCollection.ListMangakaRepository [main] Creating the mangaka Mangaka{id=-1, name='Naoshi Komi', gender=M, years=36, mangas=[Manga{id=4, title='Nisekoi', author='Naoshi Komi', chapters=282, written=2004-06-02, genre=ROMANCE, pricePerCopy=11.3}]}
2023-07-21 13:19:53,772 INFO be.kdg.programming3.mangaStore.repository.javaCollection.ListMangakaRepository [main] Creating the mangaka Mangaka{id=-1, name='Mikio Ikemoto', gender=M, years=45, mangas=[Manga{id=2, title='Naruto', author='Masashi Kishimoto', chapters=700, written=2002-12-16, genre=ACTION, pricePerCopy=10.0}]}
2023-07-21 13:19:53,772 INFO be.kdg.programming3.mangaStore.repository.javaCollection.ListMangakaRepository [main] Creating the mangaka Mangaka{id=-1, name='Kentaro Miura', gender=M, years=54, mangas=[Manga{id=5, title='Berserk', author='Kentaro Miura', chapters=370, written=2003-03-29, genre=HORROR, pricePerCopy=10.99}]}
2023-07-21 13:19:57,792 INFO org.apache.juli.logging.DirectJDKLog [http-nio-8080-exec-1] Initializing Spring DispatcherServlet 'dispatcherServlet'
2023-07-21 13:19:57,793 INFO org.springframework.web.servlet.FrameworkServlet [http-nio-8080-exec-1] Initializing Servlet 'dispatcherServlet'
2023-07-21 13:19:57,793 INFO org.springframework.web.servlet.FrameworkServlet [http-nio-8080-exec-1] Completed initialization in 0 ms
2023-07-21 13:19:57,850 INFO be.kdg.programming3.mangaStore.service.MangakaServiceImpl [http-nio-8080-exec-1] Getting mangakas...
2023-07-21 13:19:57,851 INFO be.kdg.programming3.mangaStore.repository.javaCollection.ListMangakaRepository [http-nio-8080-exec-1] Reading mangakas from database
2023-07-21 13:35:07,678 INFO org.springframework.boot.StartupInfoLogger [main] Starting MangaLibraryApplication using Java 17 on LAPTOP-I9SLKJ6M with PID 23404 (C:\Users\nikol\IdeaProjects\NiceName\build\classes\java\main started by nikol in C:\Users\nikol\IdeaProjects\NiceName)
2023-07-21 13:35:07,682 INFO org.springframework.boot.SpringApplication [main] No active profile set, falling back to 1 default profile: "default"
2023-07-21 13:35:08,526 INFO org.springframework.boot.web.embedded.tomcat.TomcatWebServer [main] Tomcat initialized with port(s): 8080 (http)
2023-07-21 13:35:08,537 INFO org.apache.juli.logging.DirectJDKLog [main] Initializing ProtocolHandler ["http-nio-8080"]
2023-07-21 13:35:08,538 INFO org.apache.juli.logging.DirectJDKLog [main] Starting service [Tomcat]
2023-07-21 13:35:08,539 INFO org.apache.juli.logging.DirectJDKLog [main] Starting Servlet engine: [Apache Tomcat/9.0.65]
2023-07-21 13:35:08,648 INFO org.apache.juli.logging.DirectJDKLog [main] Initializing Spring embedded WebApplicationContext
2023-07-21 13:35:08,648 INFO org.springframework.boot.web.servlet.context.ServletWebServerApplicationContext [main] Root WebApplicationContext: initialization completed in 918 ms
2023-07-21 13:35:08,740 INFO be.kdg.programming3.mangaStore.service.MangakaServiceImpl [main] Creating MangakaRepository
2023-07-21 13:35:08,744 DEBUG be.kdg.programming3.mangaStore.service.MangaServiceImpl [main] constructor mangaService implementation
2023-07-21 13:35:09,018 INFO org.apache.juli.logging.DirectJDKLog [main] Starting ProtocolHandler ["http-nio-8080"]
2023-07-21 13:35:09,037 INFO org.springframework.boot.web.embedded.tomcat.TomcatWebServer [main] Tomcat started on port(s): 8080 (http) with context path ''
2023-07-21 13:35:09,047 INFO org.springframework.boot.StartupInfoLogger [main] Started MangaLibraryApplication in 1.739 seconds (JVM running for 2.391)
2023-07-21 13:35:09,051 INFO be.kdg.programming3.mangaStore.repository.javaCollection.ListMangakaRepository [main] Creating the mangaka Mangaka{id=-1, name='Eiichiro Oda', gender=M, years=47, mangas=[Manga{id=1, title='One Piece', author='Eiichiro Oda', chapters=1062, written=2001-08-11, genre=SHONEN, pricePerCopy=12.5}]}
2023-07-21 13:35:09,060 INFO be.kdg.programming3.mangaStore.repository.javaCollection.ListMangakaRepository [main] Creating the mangaka Mangaka{id=-1, name='Kouji Mori', gender=M, years=55, mangas=[Manga{id=5, title='Berserk', author='Kentaro Miura', chapters=370, written=2003-03-29, genre=HORROR, pricePerCopy=10.99}, Manga{id=6, title='Jisatsutou', author='Kouji Mori', chapters=168, written=2002-04-01, genre=HORROR, pricePerCopy=11.99}]}
2023-07-21 13:35:09,060 INFO be.kdg.programming3.mangaStore.repository.javaCollection.ListMangakaRepository [main] Creating the mangaka Mangaka{id=-1, name='Masashi Kishimoto', gender=M, years=47, mangas=[Manga{id=2, title='Naruto', author='Masashi Kishimoto', chapters=700, written=2002-12-16, genre=ACTION, pricePerCopy=10.0}]}
2023-07-21 13:35:09,061 INFO be.kdg.programming3.mangaStore.repository.javaCollection.ListMangakaRepository [main] Creating the mangaka Mangaka{id=-1, name='Tite Kubo', gender=M, years=45, mangas=[Manga{id=3, title='Bleach', author='Tite Kubo', chapters=686, written=2003-10-20, genre=FANTASY, pricePerCopy=13.6}]}
2023-07-21 13:35:09,061 INFO be.kdg.programming3.mangaStore.repository.javaCollection.ListMangakaRepository [main] Creating the mangaka Mangaka{id=-1, name='Naoshi Komi', gender=M, years=36, mangas=[Manga{id=4, title='Nisekoi', author='Naoshi Komi', chapters=282, written=2004-06-02, genre=ROMANCE, pricePerCopy=11.3}]}
2023-07-21 13:35:09,061 INFO be.kdg.programming3.mangaStore.repository.javaCollection.ListMangakaRepository [main] Creating the mangaka Mangaka{id=-1, name='Mikio Ikemoto', gender=M, years=45, mangas=[Manga{id=2, title='Naruto', author='Masashi Kishimoto', chapters=700, written=2002-12-16, genre=ACTION, pricePerCopy=10.0}]}
2023-07-21 13:35:09,061 INFO be.kdg.programming3.mangaStore.repository.javaCollection.ListMangakaRepository [main] Creating the mangaka Mangaka{id=-1, name='Kentaro Miura', gender=M, years=54, mangas=[Manga{id=5, title='Berserk', author='Kentaro Miura', chapters=370, written=2003-03-29, genre=HORROR, pricePerCopy=10.99}]}
2023-07-21 13:35:11,740 INFO org.apache.juli.logging.DirectJDKLog [http-nio-8080-exec-1] Initializing Spring DispatcherServlet 'dispatcherServlet'
2023-07-21 13:35:11,741 INFO org.springframework.web.servlet.FrameworkServlet [http-nio-8080-exec-1] Initializing Servlet 'dispatcherServlet'
2023-07-21 13:35:11,742 INFO org.springframework.web.servlet.FrameworkServlet [http-nio-8080-exec-1] Completed initialization in 1 ms
2023-07-21 13:35:11,794 INFO be.kdg.programming3.mangaStore.service.MangakaServiceImpl [http-nio-8080-exec-1] Getting mangakas...
2023-07-21 13:35:11,794 INFO be.kdg.programming3.mangaStore.repository.javaCollection.ListMangakaRepository [http-nio-8080-exec-1] Reading mangakas from database
2023-07-21 13:35:26,278 INFO be.kdg.programming3.mangaStore.service.MangakaServiceImpl [http-nio-8080-exec-2] Getting mangakas...
2023-07-21 13:35:26,279 INFO be.kdg.programming3.mangaStore.repository.javaCollection.ListMangakaRepository [http-nio-8080-exec-2] Reading mangakas from database
2023-07-21 13:35:31,988 INFO org.springframework.boot.StartupInfoLogger [main] Starting MangaLibraryApplication using Java 17 on LAPTOP-I9SLKJ6M with PID 12580 (C:\Users\nikol\IdeaProjects\NiceName\build\classes\java\main started by nikol in C:\Users\nikol\IdeaProjects\NiceName)
2023-07-21 13:35:31,992 INFO org.springframework.boot.SpringApplication [main] No active profile set, falling back to 1 default profile: "default"
2023-07-21 13:35:32,806 INFO org.springframework.boot.web.embedded.tomcat.TomcatWebServer [main] Tomcat initialized with port(s): 8080 (http)
2023-07-21 13:35:32,817 INFO org.apache.juli.logging.DirectJDKLog [main] Initializing ProtocolHandler ["http-nio-8080"]
2023-07-21 13:35:32,818 INFO org.apache.juli.logging.DirectJDKLog [main] Starting service [Tomcat]
2023-07-21 13:35:32,819 INFO org.apache.juli.logging.DirectJDKLog [main] Starting Servlet engine: [Apache Tomcat/9.0.65]
2023-07-21 13:35:32,929 INFO org.apache.juli.logging.DirectJDKLog [main] Initializing Spring embedded WebApplicationContext
2023-07-21 13:35:32,930 INFO org.springframework.boot.web.servlet.context.ServletWebServerApplicationContext [main] Root WebApplicationContext: initialization completed in 884 ms
2023-07-21 13:35:32,994 INFO be.kdg.programming3.mangaStore.service.MangakaServiceImpl [main] Creating MangakaRepository
2023-07-21 13:35:33,000 DEBUG be.kdg.programming3.mangaStore.service.MangaServiceImpl [main] constructor mangaService implementation
2023-07-21 13:35:33,279 INFO org.apache.juli.logging.DirectJDKLog [main] Starting ProtocolHandler ["http-nio-8080"]
2023-07-21 13:35:33,296 INFO org.springframework.boot.web.embedded.tomcat.TomcatWebServer [main] Tomcat started on port(s): 8080 (http) with context path ''
2023-07-21 13:35:33,307 INFO org.springframework.boot.StartupInfoLogger [main] Started MangaLibraryApplication in 1.703 seconds (JVM running for 2.342)
2023-07-21 13:35:33,312 INFO be.kdg.programming3.mangaStore.repository.javaCollection.ListMangakaRepository [main] Creating the mangaka Mangaka{id=-1, name='Eiichiro Oda', gender=M, years=47, mangas=[Manga{id=1, title='One Piece', author='Eiichiro Oda', chapters=1062, written=2001-08-11, genre=SHONEN, pricePerCopy=12.5}]}
2023-07-21 13:35:33,323 INFO be.kdg.programming3.mangaStore.repository.javaCollection.ListMangakaRepository [main] Creating the mangaka Mangaka{id=-1, name='Kouji Mori', gender=M, years=55, mangas=[Manga{id=5, title='Berserk', author='Kentaro Miura', chapters=370, written=2003-03-29, genre=HORROR, pricePerCopy=10.99}, Manga{id=6, title='Jisatsutou', author='Kouji Mori', chapters=168, written=2002-04-01, genre=HORROR, pricePerCopy=11.99}]}
2023-07-21 13:35:33,323 INFO be.kdg.programming3.mangaStore.repository.javaCollection.ListMangakaRepository [main] Creating the mangaka Mangaka{id=-1, name='Masashi Kishimoto', gender=M, years=47, mangas=[Manga{id=2, title='Naruto', author='Masashi Kishimoto', chapters=700, written=2002-12-16, genre=ACTION, pricePerCopy=10.0}]}
2023-07-21 13:35:33,324 INFO be.kdg.programming3.mangaStore.repository.javaCollection.ListMangakaRepository [main] Creating the mangaka Mangaka{id=-1, name='Tite Kubo', gender=M, years=45, mangas=[Manga{id=3, title='Bleach', author='Tite Kubo', chapters=686, written=2003-10-20, genre=FANTASY, pricePerCopy=13.6}]}
2023-07-21 13:35:33,324 INFO be.kdg.programming3.mangaStore.repository.javaCollection.ListMangakaRepository [main] Creating the mangaka Mangaka{id=-1, name='Naoshi Komi', gender=M, years=36, mangas=[Manga{id=4, title='Nisekoi', author='Naoshi Komi', chapters=282, written=2004-06-02, genre=ROMANCE, pricePerCopy=11.3}]}
2023-07-21 13:35:33,324 INFO be.kdg.programming3.mangaStore.repository.javaCollection.ListMangakaRepository [main] Creating the mangaka Mangaka{id=-1, name='Mikio Ikemoto', gender=M, years=45, mangas=[Manga{id=2, title='Naruto', author='Masashi Kishimoto', chapters=700, written=2002-12-16, genre=ACTION, pricePerCopy=10.0}]}
2023-07-21 13:35:33,324 INFO be.kdg.programming3.mangaStore.repository.javaCollection.ListMangakaRepository [main] Creating the mangaka Mangaka{id=-1, name='Kentaro Miura', gender=M, years=54, mangas=[Manga{id=5, title='Berserk', author='Kentaro Miura', chapters=370, written=2003-03-29, genre=HORROR, pricePerCopy=10.99}]}
2023-07-21 13:35:35,007 INFO org.apache.juli.logging.DirectJDKLog [http-nio-8080-exec-1] Initializing Spring DispatcherServlet 'dispatcherServlet'
2023-07-21 13:35:35,007 INFO org.springframework.web.servlet.FrameworkServlet [http-nio-8080-exec-1] Initializing Servlet 'dispatcherServlet'
2023-07-21 13:35:35,008 INFO org.springframework.web.servlet.FrameworkServlet [http-nio-8080-exec-1] Completed initialization in 1 ms
2023-07-21 13:35:35,056 INFO be.kdg.programming3.mangaStore.service.MangakaServiceImpl [http-nio-8080-exec-1] Getting mangakas...
2023-07-21 13:35:35,056 INFO be.kdg.programming3.mangaStore.repository.javaCollection.ListMangakaRepository [http-nio-8080-exec-1] Reading mangakas from database
2023-07-21 13:40:41,275 INFO org.springframework.boot.StartupInfoLogger [main] Starting MangaLibraryApplication using Java 17 on LAPTOP-I9SLKJ6M with PID 9824 (C:\Users\nikol\IdeaProjects\NiceName\build\classes\java\main started by nikol in C:\Users\nikol\IdeaProjects\NiceName)
2023-07-21 13:40:41,278 INFO org.springframework.boot.SpringApplication [main] No active profile set, falling back to 1 default profile: "default"
2023-07-21 13:40:42,079 INFO org.springframework.boot.web.embedded.tomcat.TomcatWebServer [main] Tomcat initialized with port(s): 8080 (http)
2023-07-21 13:40:42,088 INFO org.apache.juli.logging.DirectJDKLog [main] Initializing ProtocolHandler ["http-nio-8080"]
2023-07-21 13:40:42,089 INFO org.apache.juli.logging.DirectJDKLog [main] Starting service [Tomcat]
2023-07-21 13:40:42,090 INFO org.apache.juli.logging.DirectJDKLog [main] Starting Servlet engine: [Apache Tomcat/9.0.65]
2023-07-21 13:40:42,175 INFO org.apache.juli.logging.DirectJDKLog [main] Initializing Spring embedded WebApplicationContext
2023-07-21 13:40:42,175 INFO org.springframework.boot.web.servlet.context.ServletWebServerApplicationContext [main] Root WebApplicationContext: initialization completed in 845 ms
2023-07-21 13:40:42,247 INFO be.kdg.programming3.mangaStore.service.MangakaServiceImpl [main] Creating MangakaRepository
2023-07-21 13:40:42,252 DEBUG be.kdg.programming3.mangaStore.service.MangaServiceImpl [main] constructor mangaService implementation
2023-07-21 13:40:42,514 INFO org.apache.juli.logging.DirectJDKLog [main] Starting ProtocolHandler ["http-nio-8080"]
2023-07-21 13:40:42,534 INFO org.springframework.boot.web.embedded.tomcat.TomcatWebServer [main] Tomcat started on port(s): 8080 (http) with context path ''
2023-07-21 13:40:42,544 INFO org.springframework.boot.StartupInfoLogger [main] Started MangaLibraryApplication in 1.628 seconds (JVM running for 2.276)
2023-07-21 13:40:42,547 INFO be.kdg.programming3.mangaStore.repository.javaCollection.ListMangakaRepository [main] Creating the mangaka Mangaka{id=-1, name='Eiichiro Oda', gender=M, years=47, mangas=[Manga{id=1, title='One Piece', author='Eiichiro Oda', chapters=1062, written=2001-08-11, genre=SHONEN, pricePerCopy=12.5}]}
2023-07-21 13:40:42,559 INFO be.kdg.programming3.mangaStore.repository.javaCollection.ListMangakaRepository [main] Creating the mangaka Mangaka{id=-1, name='Kouji Mori', gender=M, years=55, mangas=[Manga{id=5, title='Berserk', author='Kentaro Miura', chapters=370, written=2003-03-29, genre=HORROR, pricePerCopy=10.99}, Manga{id=6, title='Jisatsutou', author='Kouji Mori', chapters=168, written=2002-04-01, genre=HORROR, pricePerCopy=11.99}]}
2023-07-21 13:40:42,559 INFO be.kdg.programming3.mangaStore.repository.javaCollection.ListMangakaRepository [main] Creating the mangaka Mangaka{id=-1, name='Masashi Kishimoto', gender=M, years=47, mangas=[Manga{id=2, title='Naruto', author='Masashi Kishimoto', chapters=700, written=2002-12-16, genre=ACTION, pricePerCopy=10.0}]}
2023-07-21 13:40:42,559 INFO be.kdg.programming3.mangaStore.repository.javaCollection.ListMangakaRepository [main] Creating the mangaka Mangaka{id=-1, name='Tite Kubo', gender=M, years=45, mangas=[Manga{id=3, title='Bleach', author='Tite Kubo', chapters=686, written=2003-10-20, genre=FANTASY, pricePerCopy=13.6}]}
2023-07-21 13:40:42,560 INFO be.kdg.programming3.mangaStore.repository.javaCollection.ListMangakaRepository [main] Creating the mangaka Mangaka{id=-1, name='Naoshi Komi', gender=M, years=36, mangas=[Manga{id=4, title='Nisekoi', author='Naoshi Komi', chapters=282, written=2004-06-02, genre=ROMANCE, pricePerCopy=11.3}]}
2023-07-21 13:40:42,560 INFO be.kdg.programming3.mangaStore.repository.javaCollection.ListMangakaRepository [main] Creating the mangaka Mangaka{id=-1, name='Mikio Ikemoto', gender=M, years=45, mangas=[Manga{id=2, title='Naruto', author='Masashi Kishimoto', chapters=700, written=2002-12-16, genre=ACTION, pricePerCopy=10.0}]}
2023-07-21 13:40:42,560 INFO be.kdg.programming3.mangaStore.repository.javaCollection.ListMangakaRepository [main] Creating the mangaka Mangaka{id=-1, name='Kentaro Miura', gender=M, years=54, mangas=[Manga{id=5, title='Berserk', author='Kentaro Miura', chapters=370, written=2003-03-29, genre=HORROR, pricePerCopy=10.99}]}
2023-07-21 13:40:49,275 INFO org.apache.juli.logging.DirectJDKLog [http-nio-8080-exec-1] Initializing Spring DispatcherServlet 'dispatcherServlet'
2023-07-21 13:40:49,275 INFO org.springframework.web.servlet.FrameworkServlet [http-nio-8080-exec-1] Initializing Servlet 'dispatcherServlet'
2023-07-21 13:40:49,276 INFO org.springframework.web.servlet.FrameworkServlet [http-nio-8080-exec-1] Completed initialization in 1 ms
2023-07-21 13:41:06,607 INFO org.springframework.boot.StartupInfoLogger [main] Starting MangaLibraryApplication using Java 17 on LAPTOP-I9SLKJ6M with PID 6388 (C:\Users\nikol\IdeaProjects\NiceName\build\classes\java\main started by nikol in C:\Users\nikol\IdeaProjects\NiceName)
2023-07-21 13:41:06,610 INFO org.springframework.boot.SpringApplication [main] No active profile set, falling back to 1 default profile: "default"
2023-07-21 13:41:07,472 INFO org.springframework.boot.web.embedded.tomcat.TomcatWebServer [main] Tomcat initialized with port(s): 8080 (http)
2023-07-21 13:41:07,480 INFO org.apache.juli.logging.DirectJDKLog [main] Initializing ProtocolHandler ["http-nio-8080"]
2023-07-21 13:41:07,481 INFO org.apache.juli.logging.DirectJDKLog [main] Starting service [Tomcat]
2023-07-21 13:41:07,482 INFO org.apache.juli.logging.DirectJDKLog [main] Starting Servlet engine: [Apache Tomcat/9.0.65]
2023-07-21 13:41:07,581 INFO org.apache.juli.logging.DirectJDKLog [main] Initializing Spring embedded WebApplicationContext
2023-07-21 13:41:07,581 INFO org.springframework.boot.web.servlet.context.ServletWebServerApplicationContext [main] Root WebApplicationContext: initialization completed in 924 ms
2023-07-21 13:41:07,649 INFO be.kdg.programming3.mangaStore.service.MangakaServiceImpl [main] Creating MangakaRepository
2023-07-21 13:41:07,655 DEBUG be.kdg.programming3.mangaStore.service.MangaServiceImpl [main] constructor mangaService implementation
2023-07-21 13:41:07,964 INFO org.apache.juli.logging.DirectJDKLog [main] Starting ProtocolHandler ["http-nio-8080"]
2023-07-21 13:41:07,985 INFO org.springframework.boot.web.embedded.tomcat.TomcatWebServer [main] Tomcat started on port(s): 8080 (http) with context path ''
2023-07-21 13:41:07,997 INFO org.springframework.boot.StartupInfoLogger [main] Started MangaLibraryApplication in 1.724 seconds (JVM running for 2.363)
2023-07-21 13:41:08,000 INFO be.kdg.programming3.mangaStore.repository.javaCollection.ListMangakaRepository [main] Creating the mangaka Mangaka{id=-1, name='Eiichiro Oda', gender=M, years=47, mangas=[Manga{id=1, title='One Piece', author='Eiichiro Oda', chapters=1062, written=2001-08-11, genre=SHONEN, pricePerCopy=12.5}]}
2023-07-21 13:41:08,013 INFO be.kdg.programming3.mangaStore.repository.javaCollection.ListMangakaRepository [main] Creating the mangaka Mangaka{id=-1, name='Kouji Mori', gender=M, years=55, mangas=[Manga{id=5, title='Berserk', author='Kentaro Miura', chapters=370, written=2003-03-29, genre=HORROR, pricePerCopy=10.99}, Manga{id=6, title='Jisatsutou', author='Kouji Mori', chapters=168, written=2002-04-01, genre=HORROR, pricePerCopy=11.99}]}
2023-07-21 13:41:08,013 INFO be.kdg.programming3.mangaStore.repository.javaCollection.ListMangakaRepository [main] Creating the mangaka Mangaka{id=-1, name='Masashi Kishimoto', gender=M, years=47, mangas=[Manga{id=2, title='Naruto', author='Masashi Kishimoto', chapters=700, written=2002-12-16, genre=ACTION, pricePerCopy=10.0}]}
2023-07-21 13:41:08,014 INFO be.kdg.programming3.mangaStore.repository.javaCollection.ListMangakaRepository [main] Creating the mangaka Mangaka{id=-1, name='Tite Kubo', gender=M, years=45, mangas=[Manga{id=3, title='Bleach', author='Tite Kubo', chapters=686, written=2003-10-20, genre=FANTASY, pricePerCopy=13.6}]}
2023-07-21 13:41:08,014 INFO be.kdg.programming3.mangaStore.repository.javaCollection.ListMangakaRepository [main] Creating the mangaka Mangaka{id=-1, name='Naoshi Komi', gender=M, years=36, mangas=[Manga{id=4, title='Nisekoi', author='Naoshi Komi', chapters=282, written=2004-06-02, genre=ROMANCE, pricePerCopy=11.3}]}
2023-07-21 13:41:08,014 INFO be.kdg.programming3.mangaStore.repository.javaCollection.ListMangakaRepository [main] Creating the mangaka Mangaka{id=-1, name='Mikio Ikemoto', gender=M, years=45, mangas=[Manga{id=2, title='Naruto', author='Masashi Kishimoto', chapters=700, written=2002-12-16, genre=ACTION, pricePerCopy=10.0}]}
2023-07-21 13:41:08,014 INFO be.kdg.programming3.mangaStore.repository.javaCollection.ListMangakaRepository [main] Creating the mangaka Mangaka{id=-1, name='Kentaro Miura', gender=M, years=54, mangas=[Manga{id=5, title='Berserk', author='Kentaro Miura', chapters=370, written=2003-03-29, genre=HORROR, pricePerCopy=10.99}]}
2023-07-21 13:41:29,467 INFO org.springframework.boot.StartupInfoLogger [main] Starting MangaLibraryApplication using Java 17 on LAPTOP-I9SLKJ6M with PID 17752 (C:\Users\nikol\IdeaProjects\NiceName\build\classes\java\main started by nikol in C:\Users\nikol\IdeaProjects\NiceName)
2023-07-21 13:41:29,471 INFO org.springframework.boot.SpringApplication [main] No active profile set, falling back to 1 default profile: "default"
2023-07-21 13:41:30,292 INFO org.springframework.boot.web.embedded.tomcat.TomcatWebServer [main] Tomcat initialized with port(s): 8080 (http)
2023-07-21 13:41:30,301 INFO org.apache.juli.logging.DirectJDKLog [main] Initializing ProtocolHandler ["http-nio-8080"]
2023-07-21 13:41:30,302 INFO org.apache.juli.logging.DirectJDKLog [main] Starting service [Tomcat]
2023-07-21 13:41:30,302 INFO org.apache.juli.logging.DirectJDKLog [main] Starting Servlet engine: [Apache Tomcat/9.0.65]
2023-07-21 13:41:30,395 INFO org.apache.juli.logging.DirectJDKLog [main] Initializing Spring embedded WebApplicationContext
2023-07-21 13:41:30,395 INFO org.springframework.boot.web.servlet.context.ServletWebServerApplicationContext [main] Root WebApplicationContext: initialization completed in 877 ms
2023-07-21 13:41:30,467 INFO be.kdg.programming3.mangaStore.service.MangakaServiceImpl [main] Creating MangakaRepository
2023-07-21 13:41:30,474 DEBUG be.kdg.programming3.mangaStore.service.MangaServiceImpl [main] constructor mangaService implementation
2023-07-21 13:41:30,733 INFO org.apache.juli.logging.DirectJDKLog [main] Starting ProtocolHandler ["http-nio-8080"]
2023-07-21 13:41:30,753 INFO org.springframework.boot.web.embedded.tomcat.TomcatWebServer [main] Tomcat started on port(s): 8080 (http) with context path ''
2023-07-21 13:41:30,763 INFO org.springframework.boot.StartupInfoLogger [main] Started MangaLibraryApplication in 1.63 seconds (JVM running for 2.251)
2023-07-21 13:41:30,765 INFO be.kdg.programming3.mangaStore.repository.javaCollection.ListMangakaRepository [main] Creating the mangaka Mangaka{id=-1, name='Eiichiro Oda', gender=M, years=47, mangas=[Manga{id=1, title='One Piece', author='Eiichiro Oda', chapters=1062, written=2001-08-11, genre=SHONEN, pricePerCopy=12.5}]}
2023-07-21 13:41:30,777 INFO be.kdg.programming3.mangaStore.repository.javaCollection.ListMangakaRepository [main] Creating the mangaka Mangaka{id=-1, name='Kouji Mori', gender=M, years=55, mangas=[Manga{id=5, title='Berserk', author='Kentaro Miura', chapters=370, written=2003-03-29, genre=HORROR, pricePerCopy=10.99}, Manga{id=6, title='Jisatsutou', author='Kouji Mori', chapters=168, written=2002-04-01, genre=HORROR, pricePerCopy=11.99}]}
2023-07-21 13:41:30,777 INFO be.kdg.programming3.mangaStore.repository.javaCollection.ListMangakaRepository [main] Creating the mangaka Mangaka{id=-1, name='Masashi Kishimoto', gender=M, years=47, mangas=[Manga{id=2, title='Naruto', author='Masashi Kishimoto', chapters=700, written=2002-12-16, genre=ACTION, pricePerCopy=10.0}]}
2023-07-21 13:41:30,778 INFO be.kdg.programming3.mangaStore.repository.javaCollection.ListMangakaRepository [main] Creating the mangaka Mangaka{id=-1, name='Tite Kubo', gender=M, years=45, mangas=[Manga{id=3, title='Bleach', author='Tite Kubo', chapters=686, written=2003-10-20, genre=FANTASY, pricePerCopy=13.6}]}
2023-07-21 13:41:30,779 INFO be.kdg.programming3.mangaStore.repository.javaCollection.ListMangakaRepository [main] Creating the mangaka Mangaka{id=-1, name='Naoshi Komi', gender=M, years=36, mangas=[Manga{id=4, title='Nisekoi', author='Naoshi Komi', chapters=282, written=2004-06-02, genre=ROMANCE, pricePerCopy=11.3}]}
2023-07-21 13:41:30,779 INFO be.kdg.programming3.mangaStore.repository.javaCollection.ListMangakaRepository [main] Creating the mangaka Mangaka{id=-1, name='Mikio Ikemoto', gender=M, years=45, mangas=[Manga{id=2, title='Naruto', author='Masashi Kishimoto', chapters=700, written=2002-12-16, genre=ACTION, pricePerCopy=10.0}]}
2023-07-21 13:41:30,779 INFO be.kdg.programming3.mangaStore.repository.javaCollection.ListMangakaRepository [main] Creating the mangaka Mangaka{id=-1, name='Kentaro Miura', gender=M, years=54, mangas=[Manga{id=5, title='Berserk', author='Kentaro Miura', chapters=370, written=2003-03-29, genre=HORROR, pricePerCopy=10.99}]}
2023-07-21 13:41:34,951 INFO org.apache.juli.logging.DirectJDKLog [http-nio-8080-exec-1] Initializing Spring DispatcherServlet 'dispatcherServlet'
2023-07-21 13:41:34,952 INFO org.springframework.web.servlet.FrameworkServlet [http-nio-8080-exec-1] Initializing Servlet 'dispatcherServlet'
2023-07-21 13:41:34,953 INFO org.springframework.web.servlet.FrameworkServlet [http-nio-8080-exec-1] Completed initialization in 1 ms
2023-07-21 13:42:00,496 INFO org.springframework.boot.StartupInfoLogger [main] Starting MangaLibraryApplication using Java 17 on LAPTOP-I9SLKJ6M with PID 17336 (C:\Users\nikol\IdeaProjects\NiceName\build\classes\java\main started by nikol in C:\Users\nikol\IdeaProjects\NiceName)
2023-07-21 13:42:00,500 INFO org.springframework.boot.SpringApplication [main] No active profile set, falling back to 1 default profile: "default"
2023-07-21 13:42:01,292 INFO org.springframework.boot.web.embedded.tomcat.TomcatWebServer [main] Tomcat initialized with port(s): 8080 (http)
2023-07-21 13:42:01,300 INFO org.apache.juli.logging.DirectJDKLog [main] Initializing ProtocolHandler ["http-nio-8080"]
2023-07-21 13:42:01,302 INFO org.apache.juli.logging.DirectJDKLog [main] Starting service [Tomcat]
2023-07-21 13:42:01,303 INFO org.apache.juli.logging.DirectJDKLog [main] Starting Servlet engine: [Apache Tomcat/9.0.65]
2023-07-21 13:42:01,394 INFO org.apache.juli.logging.DirectJDKLog [main] Initializing Spring embedded WebApplicationContext
2023-07-21 13:42:01,395 INFO org.springframework.boot.web.servlet.context.ServletWebServerApplicationContext [main] Root WebApplicationContext: initialization completed in 847 ms
2023-07-21 13:42:01,474 DEBUG be.kdg.programming3.mangaStore.service.MangaServiceImpl [main] constructor mangaService implementation
2023-07-21 13:42:01,476 INFO be.kdg.programming3.mangaStore.service.MangakaServiceImpl [main] Creating MangakaRepository
2023-07-21 13:42:01,788 INFO org.apache.juli.logging.DirectJDKLog [main] Starting ProtocolHandler ["http-nio-8080"]
2023-07-21 13:42:01,805 INFO org.springframework.boot.web.embedded.tomcat.TomcatWebServer [main] Tomcat started on port(s): 8080 (http) with context path ''
2023-07-21 13:42:01,813 INFO org.springframework.boot.StartupInfoLogger [main] Started MangaLibraryApplication in 1.654 seconds (JVM running for 2.302)
2023-07-21 13:42:01,816 INFO be.kdg.programming3.mangaStore.repository.javaCollection.ListMangakaRepository [main] Creating the mangaka Mangaka{id=-1, name='Eiichiro Oda', gender=M, years=47, mangas=[Manga{id=1, title='One Piece', author='Eiichiro Oda', chapters=1062, written=2001-08-11, genre=SHONEN, pricePerCopy=12.5}]}
2023-07-21 13:42:01,825 INFO be.kdg.programming3.mangaStore.repository.javaCollection.ListMangakaRepository [main] Creating the mangaka Mangaka{id=-1, name='Kouji Mori', gender=M, years=55, mangas=[Manga{id=5, title='Berserk', author='Kentaro Miura', chapters=370, written=2003-03-29, genre=HORROR, pricePerCopy=10.99}, Manga{id=6, title='Jisatsutou', author='Kouji Mori', chapters=168, written=2002-04-01, genre=HORROR, pricePerCopy=11.99}]}
2023-07-21 13:42:01,826 INFO be.kdg.programming3.mangaStore.repository.javaCollection.ListMangakaRepository [main] Creating the mangaka Mangaka{id=-1, name='Masashi Kishimoto', gender=M, years=47, mangas=[Manga{id=2, title='Naruto', author='Masashi Kishimoto', chapters=700, written=2002-12-16, genre=ACTION, pricePerCopy=10.0}]}
2023-07-21 13:42:01,826 INFO be.kdg.programming3.mangaStore.repository.javaCollection.ListMangakaRepository [main] Creating the mangaka Mangaka{id=-1, name='Tite Kubo', gender=M, years=45, mangas=[Manga{id=3, title='Bleach', author='Tite Kubo', chapters=686, written=2003-10-20, genre=FANTASY, pricePerCopy=13.6}]}
2023-07-21 13:42:01,826 INFO be.kdg.programming3.mangaStore.repository.javaCollection.ListMangakaRepository [main] Creating the mangaka Mangaka{id=-1, name='Naoshi Komi', gender=M, years=36, mangas=[Manga{id=4, title='Nisekoi', author='Naoshi Komi', chapters=282, written=2004-06-02, genre=ROMANCE, pricePerCopy=11.3}]}
2023-07-21 13:42:01,826 INFO be.kdg.programming3.mangaStore.repository.javaCollection.ListMangakaRepository [main] Creating the mangaka Mangaka{id=-1, name='Mikio Ikemoto', gender=M, years=45, mangas=[Manga{id=2, title='Naruto', author='Masashi Kishimoto', chapters=700, written=2002-12-16, genre=ACTION, pricePerCopy=10.0}]}
2023-07-21 13:42:01,826 INFO be.kdg.programming3.mangaStore.repository.javaCollection.ListMangakaRepository [main] Creating the mangaka Mangaka{id=-1, name='Kentaro Miura', gender=M, years=54, mangas=[Manga{id=5, title='Berserk', author='Kentaro Miura', chapters=370, written=2003-03-29, genre=HORROR, pricePerCopy=10.99}]}
2023-07-21 13:42:04,114 INFO org.apache.juli.logging.DirectJDKLog [http-nio-8080-exec-1] Initializing Spring DispatcherServlet 'dispatcherServlet'
2023-07-21 13:42:04,115 INFO org.springframework.web.servlet.FrameworkServlet [http-nio-8080-exec-1] Initializing Servlet 'dispatcherServlet'
2023-07-21 13:42:04,115 INFO org.springframework.web.servlet.FrameworkServlet [http-nio-8080-exec-1] Completed initialization in 0 ms
2023-07-21 13:42:04,166 INFO be.kdg.programming3.mangaStore.presentation.MangaController [http-nio-8080-exec-1] controller is running showMangasView!
2023-07-21 13:42:04,402 ERROR org.thymeleaf.TemplateEngine [http-nio-8080-exec-1] [THYMELEAF][http-nio-8080-exec-1] Exception processing template "allMangas": Exception evaluating SpringEL expression: "manga.getName()" (template: "allMangas" - line 24, col 13)
org.thymeleaf.exceptions.TemplateProcessingException: Exception evaluating SpringEL expression: "manga.getName()" (template: "allMangas" - line 24, col 13)
	at org.thymeleaf.spring5.expression.SPELVariableExpressionEvaluator.evaluate(SPELVariableExpressionEvaluator.java:292)
	at org.thymeleaf.standard.expression.VariableExpression.executeVariableExpression(VariableExpression.java:166)
	at org.thymeleaf.standard.expression.SimpleExpression.executeSimple(SimpleExpression.java:66)
	at org.thymeleaf.standard.expression.Expression.execute(Expression.java:109)
	at org.thymeleaf.standard.expression.Expression.execute(Expression.java:138)
	at org.thymeleaf.standard.processor.AbstractStandardExpressionAttributeTagProcessor.doProcess(AbstractStandardExpressionAttributeTagProcessor.java:144)
	at org.thymeleaf.processor.element.AbstractAttributeTagProcessor.doProcess(AbstractAttributeTagProcessor.java:74)
	at org.thymeleaf.processor.element.AbstractElementTagProcessor.process(AbstractElementTagProcessor.java:95)
	at org.thymeleaf.util.ProcessorConfigurationUtils$ElementTagProcessorWrapper.process(ProcessorConfigurationUtils.java:633)
	at org.thymeleaf.engine.ProcessorTemplateHandler.handleStandaloneElement(ProcessorTemplateHandler.java:918)
	at org.thymeleaf.engine.StandaloneElementTag.beHandled(StandaloneElementTag.java:228)
	at org.thymeleaf.engine.Model.process(Model.java:282)
	at org.thymeleaf.engine.Model.process(Model.java:290)
	at org.thymeleaf.engine.IteratedGatheringModelProcessable.processIterationModel(IteratedGatheringModelProcessable.java:367)
	at org.thymeleaf.engine.IteratedGatheringModelProcessable.process(IteratedGatheringModelProcessable.java:221)
	at org.thymeleaf.engine.ProcessorTemplateHandler.handleCloseElement(ProcessorTemplateHandler.java:1640)
	at org.thymeleaf.engine.CloseElementTag.beHandled(CloseElementTag.java:139)
	at org.thymeleaf.engine.TemplateModel.process(TemplateModel.java:136)
	at org.thymeleaf.engine.TemplateManager.parseAndProcess(TemplateManager.java:661)
	at org.thymeleaf.TemplateEngine.process(TemplateEngine.java:1098)
	at org.thymeleaf.TemplateEngine.process(TemplateEngine.java:1072)
	at org.thymeleaf.spring5.view.ThymeleafView.renderFragment(ThymeleafView.java:366)
	at org.thymeleaf.spring5.view.ThymeleafView.render(ThymeleafView.java:190)
	at org.springframework.web.servlet.DispatcherServlet.render(DispatcherServlet.java:1405)
	at org.springframework.web.servlet.DispatcherServlet.processDispatchResult(DispatcherServlet.java:1149)
	at org.springframework.web.servlet.DispatcherServlet.doDispatch(DispatcherServlet.java:1088)
	at org.springframework.web.servlet.DispatcherServlet.doService(DispatcherServlet.java:964)
	at org.springframework.web.servlet.FrameworkServlet.processRequest(FrameworkServlet.java:1006)
	at org.springframework.web.servlet.FrameworkServlet.doGet(FrameworkServlet.java:898)
	at javax.servlet.http.HttpServlet.service(HttpServlet.java:655)
	at org.springframework.web.servlet.FrameworkServlet.service(FrameworkServlet.java:883)
	at javax.servlet.http.HttpServlet.service(HttpServlet.java:764)
	at org.apache.catalina.core.ApplicationFilterChain.internalDoFilter(ApplicationFilterChain.java:227)
	at org.apache.catalina.core.ApplicationFilterChain.doFilter(ApplicationFilterChain.java:162)
	at org.apache.tomcat.websocket.server.WsFilter.doFilter(WsFilter.java:53)
	at org.apache.catalina.core.ApplicationFilterChain.internalDoFilter(ApplicationFilterChain.java:189)
	at org.apache.catalina.core.ApplicationFilterChain.doFilter(ApplicationFilterChain.java:162)
	at org.springframework.web.filter.RequestContextFilter.doFilterInternal(RequestContextFilter.java:100)
	at org.springframework.web.filter.OncePerRequestFilter.doFilter(OncePerRequestFilter.java:117)
	at org.apache.catalina.core.ApplicationFilterChain.internalDoFilter(ApplicationFilterChain.java:189)
	at org.apache.catalina.core.ApplicationFilterChain.doFilter(ApplicationFilterChain.java:162)
	at org.springframework.web.filter.FormContentFilter.doFilterInternal(FormContentFilter.java:93)
	at org.springframework.web.filter.OncePerRequestFilter.doFilter(OncePerRequestFilter.java:117)
	at org.apache.catalina.core.ApplicationFilterChain.internalDoFilter(ApplicationFilterChain.java:189)
	at org.apache.catalina.core.ApplicationFilterChain.doFilter(ApplicationFilterChain.java:162)
	at org.springframework.web.filter.CharacterEncodingFilter.doFilterInternal(CharacterEncodingFilter.java:201)
	at org.springframework.web.filter.OncePerRequestFilter.doFilter(OncePerRequestFilter.java:117)
	at org.apache.catalina.core.ApplicationFilterChain.internalDoFilter(ApplicationFilterChain.java:189)
	at org.apache.catalina.core.ApplicationFilterChain.doFilter(ApplicationFilterChain.java:162)
	at org.apache.catalina.core.StandardWrapperValve.invoke(StandardWrapperValve.java:197)
	at org.apache.catalina.core.StandardContextValve.invoke(StandardContextValve.java:97)
	at org.apache.catalina.authenticator.AuthenticatorBase.invoke(AuthenticatorBase.java:541)
	at org.apache.catalina.core.StandardHostValve.invoke(StandardHostValve.java:135)
	at org.apache.catalina.valves.ErrorReportValve.invoke(ErrorReportValve.java:92)
	at org.apache.catalina.core.StandardEngineValve.invoke(StandardEngineValve.java:78)
	at org.apache.catalina.connector.CoyoteAdapter.service(CoyoteAdapter.java:360)
	at org.apache.coyote.http11.Http11Processor.service(Http11Processor.java:399)
	at org.apache.coyote.AbstractProcessorLight.process(AbstractProcessorLight.java:65)
	at org.apache.coyote.AbstractProtocol$ConnectionHandler.process(AbstractProtocol.java:890)
	at org.apache.tomcat.util.net.NioEndpoint$SocketProcessor.doRun(NioEndpoint.java:1789)
	at org.apache.tomcat.util.net.SocketProcessorBase.run(SocketProcessorBase.java:49)
	at org.apache.tomcat.util.threads.ThreadPoolExecutor.runWorker(ThreadPoolExecutor.java:1191)
	at org.apache.tomcat.util.threads.ThreadPoolExecutor$Worker.run(ThreadPoolExecutor.java:659)
	at org.apache.tomcat.util.threads.TaskThread$WrappingRunnable.run(TaskThread.java:61)
	at java.base/java.lang.Thread.run(Thread.java:833)
Caused by: org.springframework.expression.spel.SpelEvaluationException: EL1004E: Method call: Method getName() cannot be found on type be.kdg.programming3.mangaStore.domain.Manga
	at org.springframework.expression.spel.ast.MethodReference.findAccessorForMethod(MethodReference.java:225)
	at org.springframework.expression.spel.ast.MethodReference.getValueInternal(MethodReference.java:135)
	at org.springframework.expression.spel.ast.MethodReference.access$000(MethodReference.java:55)
	at org.springframework.expression.spel.ast.MethodReference$MethodValueRef.getValue(MethodReference.java:386)
	at org.springframework.expression.spel.ast.CompoundExpression.getValueInternal(CompoundExpression.java:92)
	at org.springframework.expression.spel.ast.SpelNodeImpl.getValue(SpelNodeImpl.java:112)
	at org.springframework.expression.spel.standard.SpelExpression.getValue(SpelExpression.java:338)
	at org.thymeleaf.spring5.expression.SPELVariableExpressionEvaluator.evaluate(SPELVariableExpressionEvaluator.java:265)
	... 64 common frames omitted
2023-07-21 13:42:04,403 ERROR org.apache.juli.logging.DirectJDKLog [http-nio-8080-exec-1] Servlet.service() for servlet [dispatcherServlet] in context with path [] threw exception [Request processing failed; nested exception is org.thymeleaf.exceptions.TemplateProcessingException: Exception evaluating SpringEL expression: "manga.getName()" (template: "allMangas" - line 24, col 13)] with root cause
org.springframework.expression.spel.SpelEvaluationException: EL1004E: Method call: Method getName() cannot be found on type be.kdg.programming3.mangaStore.domain.Manga
	at org.springframework.expression.spel.ast.MethodReference.findAccessorForMethod(MethodReference.java:225)
	at org.springframework.expression.spel.ast.MethodReference.getValueInternal(MethodReference.java:135)
	at org.springframework.expression.spel.ast.MethodReference.access$000(MethodReference.java:55)
	at org.springframework.expression.spel.ast.MethodReference$MethodValueRef.getValue(MethodReference.java:386)
	at org.springframework.expression.spel.ast.CompoundExpression.getValueInternal(CompoundExpression.java:92)
	at org.springframework.expression.spel.ast.SpelNodeImpl.getValue(SpelNodeImpl.java:112)
	at org.springframework.expression.spel.standard.SpelExpression.getValue(SpelExpression.java:338)
	at org.thymeleaf.spring5.expression.SPELVariableExpressionEvaluator.evaluate(SPELVariableExpressionEvaluator.java:265)
	at org.thymeleaf.standard.expression.VariableExpression.executeVariableExpression(VariableExpression.java:166)
	at org.thymeleaf.standard.expression.SimpleExpression.executeSimple(SimpleExpression.java:66)
	at org.thymeleaf.standard.expression.Expression.execute(Expression.java:109)
	at org.thymeleaf.standard.expression.Expression.execute(Expression.java:138)
	at org.thymeleaf.standard.processor.AbstractStandardExpressionAttributeTagProcessor.doProcess(AbstractStandardExpressionAttributeTagProcessor.java:144)
	at org.thymeleaf.processor.element.AbstractAttributeTagProcessor.doProcess(AbstractAttributeTagProcessor.java:74)
	at org.thymeleaf.processor.element.AbstractElementTagProcessor.process(AbstractElementTagProcessor.java:95)
	at org.thymeleaf.util.ProcessorConfigurationUtils$ElementTagProcessorWrapper.process(ProcessorConfigurationUtils.java:633)
	at org.thymeleaf.engine.ProcessorTemplateHandler.handleStandaloneElement(ProcessorTemplateHandler.java:918)
	at org.thymeleaf.engine.StandaloneElementTag.beHandled(StandaloneElementTag.java:228)
	at org.thymeleaf.engine.Model.process(Model.java:282)
	at org.thymeleaf.engine.Model.process(Model.java:290)
	at org.thymeleaf.engine.IteratedGatheringModelProcessable.processIterationModel(IteratedGatheringModelProcessable.java:367)
	at org.thymeleaf.engine.IteratedGatheringModelProcessable.process(IteratedGatheringModelProcessable.java:221)
	at org.thymeleaf.engine.ProcessorTemplateHandler.handleCloseElement(ProcessorTemplateHandler.java:1640)
	at org.thymeleaf.engine.CloseElementTag.beHandled(CloseElementTag.java:139)
	at org.thymeleaf.engine.TemplateModel.process(TemplateModel.java:136)
	at org.thymeleaf.engine.TemplateManager.parseAndProcess(TemplateManager.java:661)
	at org.thymeleaf.TemplateEngine.process(TemplateEngine.java:1098)
	at org.thymeleaf.TemplateEngine.process(TemplateEngine.java:1072)
	at org.thymeleaf.spring5.view.ThymeleafView.renderFragment(ThymeleafView.java:366)
	at org.thymeleaf.spring5.view.ThymeleafView.render(ThymeleafView.java:190)
	at org.springframework.web.servlet.DispatcherServlet.render(DispatcherServlet.java:1405)
	at org.springframework.web.servlet.DispatcherServlet.processDispatchResult(DispatcherServlet.java:1149)
	at org.springframework.web.servlet.DispatcherServlet.doDispatch(DispatcherServlet.java:1088)
	at org.springframework.web.servlet.DispatcherServlet.doService(DispatcherServlet.java:964)
	at org.springframework.web.servlet.FrameworkServlet.processRequest(FrameworkServlet.java:1006)
	at org.springframework.web.servlet.FrameworkServlet.doGet(FrameworkServlet.java:898)
	at javax.servlet.http.HttpServlet.service(HttpServlet.java:655)
	at org.springframework.web.servlet.FrameworkServlet.service(FrameworkServlet.java:883)
	at javax.servlet.http.HttpServlet.service(HttpServlet.java:764)
	at org.apache.catalina.core.ApplicationFilterChain.internalDoFilter(ApplicationFilterChain.java:227)
	at org.apache.catalina.core.ApplicationFilterChain.doFilter(ApplicationFilterChain.java:162)
	at org.apache.tomcat.websocket.server.WsFilter.doFilter(WsFilter.java:53)
	at org.apache.catalina.core.ApplicationFilterChain.internalDoFilter(ApplicationFilterChain.java:189)
	at org.apache.catalina.core.ApplicationFilterChain.doFilter(ApplicationFilterChain.java:162)
	at org.springframework.web.filter.RequestContextFilter.doFilterInternal(RequestContextFilter.java:100)
	at org.springframework.web.filter.OncePerRequestFilter.doFilter(OncePerRequestFilter.java:117)
	at org.apache.catalina.core.ApplicationFilterChain.internalDoFilter(ApplicationFilterChain.java:189)
	at org.apache.catalina.core.ApplicationFilterChain.doFilter(ApplicationFilterChain.java:162)
	at org.springframework.web.filter.FormContentFilter.doFilterInternal(FormContentFilter.java:93)
	at org.springframework.web.filter.OncePerRequestFilter.doFilter(OncePerRequestFilter.java:117)
	at org.apache.catalina.core.ApplicationFilterChain.internalDoFilter(ApplicationFilterChain.java:189)
	at org.apache.catalina.core.ApplicationFilterChain.doFilter(ApplicationFilterChain.java:162)
	at org.springframework.web.filter.CharacterEncodingFilter.doFilterInternal(CharacterEncodingFilter.java:201)
	at org.springframework.web.filter.OncePerRequestFilter.doFilter(OncePerRequestFilter.java:117)
	at org.apache.catalina.core.ApplicationFilterChain.internalDoFilter(ApplicationFilterChain.java:189)
	at org.apache.catalina.core.ApplicationFilterChain.doFilter(ApplicationFilterChain.java:162)
	at org.apache.catalina.core.StandardWrapperValve.invoke(StandardWrapperValve.java:197)
	at org.apache.catalina.core.StandardContextValve.invoke(StandardContextValve.java:97)
	at org.apache.catalina.authenticator.AuthenticatorBase.invoke(AuthenticatorBase.java:541)
	at org.apache.catalina.core.StandardHostValve.invoke(StandardHostValve.java:135)
	at org.apache.catalina.valves.ErrorReportValve.invoke(ErrorReportValve.java:92)
	at org.apache.catalina.core.StandardEngineValve.invoke(StandardEngineValve.java:78)
	at org.apache.catalina.connector.CoyoteAdapter.service(CoyoteAdapter.java:360)
	at org.apache.coyote.http11.Http11Processor.service(Http11Processor.java:399)
	at org.apache.coyote.AbstractProcessorLight.process(AbstractProcessorLight.java:65)
	at org.apache.coyote.AbstractProtocol$ConnectionHandler.process(AbstractProtocol.java:890)
	at org.apache.tomcat.util.net.NioEndpoint$SocketProcessor.doRun(NioEndpoint.java:1789)
	at org.apache.tomcat.util.net.SocketProcessorBase.run(SocketProcessorBase.java:49)
	at org.apache.tomcat.util.threads.ThreadPoolExecutor.runWorker(ThreadPoolExecutor.java:1191)
	at org.apache.tomcat.util.threads.ThreadPoolExecutor$Worker.run(ThreadPoolExecutor.java:659)
	at org.apache.tomcat.util.threads.TaskThread$WrappingRunnable.run(TaskThread.java:61)
	at java.base/java.lang.Thread.run(Thread.java:833)
2023-07-21 13:45:13,285 INFO org.springframework.boot.StartupInfoLogger [main] Starting MangaLibraryApplication using Java 17 on LAPTOP-I9SLKJ6M with PID 708 (C:\Users\nikol\IdeaProjects\NiceName\build\classes\java\main started by nikol in C:\Users\nikol\IdeaProjects\NiceName)
2023-07-21 13:45:13,288 INFO org.springframework.boot.SpringApplication [main] No active profile set, falling back to 1 default profile: "default"
2023-07-21 13:45:14,096 INFO org.springframework.boot.web.embedded.tomcat.TomcatWebServer [main] Tomcat initialized with port(s): 8080 (http)
2023-07-21 13:45:14,105 INFO org.apache.juli.logging.DirectJDKLog [main] Initializing ProtocolHandler ["http-nio-8080"]
2023-07-21 13:45:14,107 INFO org.apache.juli.logging.DirectJDKLog [main] Starting service [Tomcat]
2023-07-21 13:45:14,107 INFO org.apache.juli.logging.DirectJDKLog [main] Starting Servlet engine: [Apache Tomcat/9.0.65]
2023-07-21 13:45:14,200 INFO org.apache.juli.logging.DirectJDKLog [main] Initializing Spring embedded WebApplicationContext
2023-07-21 13:45:14,201 INFO org.springframework.boot.web.servlet.context.ServletWebServerApplicationContext [main] Root WebApplicationContext: initialization completed in 867 ms
2023-07-21 13:45:14,282 DEBUG be.kdg.programming3.mangaStore.service.MangaServiceImpl [main] constructor mangaService implementation
2023-07-21 13:45:14,284 INFO be.kdg.programming3.mangaStore.service.MangakaServiceImpl [main] Creating MangakaRepository
2023-07-21 13:45:14,565 INFO org.apache.juli.logging.DirectJDKLog [main] Starting ProtocolHandler ["http-nio-8080"]
2023-07-21 13:45:14,586 INFO org.springframework.boot.web.embedded.tomcat.TomcatWebServer [main] Tomcat started on port(s): 8080 (http) with context path ''
2023-07-21 13:45:14,596 INFO org.springframework.boot.StartupInfoLogger [main] Started MangaLibraryApplication in 1.689 seconds (JVM running for 2.332)
2023-07-21 13:45:14,600 INFO be.kdg.programming3.mangaStore.repository.javaCollection.ListMangakaRepository [main] Creating the mangaka Mangaka{id=-1, name='Eiichiro Oda', gender=M, years=47, mangas=[Manga{id=1, title='One Piece', author='Eiichiro Oda', chapters=1062, written=2001-08-11, genre=SHONEN, pricePerCopy=12.5}]}
2023-07-21 13:45:14,610 INFO be.kdg.programming3.mangaStore.repository.javaCollection.ListMangakaRepository [main] Creating the mangaka Mangaka{id=-1, name='Kouji Mori', gender=M, years=55, mangas=[Manga{id=5, title='Berserk', author='Kentaro Miura', chapters=370, written=2003-03-29, genre=HORROR, pricePerCopy=10.99}, Manga{id=6, title='Jisatsutou', author='Kouji Mori', chapters=168, written=2002-04-01, genre=HORROR, pricePerCopy=11.99}]}
2023-07-21 13:45:14,610 INFO be.kdg.programming3.mangaStore.repository.javaCollection.ListMangakaRepository [main] Creating the mangaka Mangaka{id=-1, name='Masashi Kishimoto', gender=M, years=47, mangas=[Manga{id=2, title='Naruto', author='Masashi Kishimoto', chapters=700, written=2002-12-16, genre=ACTION, pricePerCopy=10.0}]}
2023-07-21 13:45:14,610 INFO be.kdg.programming3.mangaStore.repository.javaCollection.ListMangakaRepository [main] Creating the mangaka Mangaka{id=-1, name='Tite Kubo', gender=M, years=45, mangas=[Manga{id=3, title='Bleach', author='Tite Kubo', chapters=686, written=2003-10-20, genre=FANTASY, pricePerCopy=13.6}]}
2023-07-21 13:45:14,610 INFO be.kdg.programming3.mangaStore.repository.javaCollection.ListMangakaRepository [main] Creating the mangaka Mangaka{id=-1, name='Naoshi Komi', gender=M, years=36, mangas=[Manga{id=4, title='Nisekoi', author='Naoshi Komi', chapters=282, written=2004-06-02, genre=ROMANCE, pricePerCopy=11.3}]}
2023-07-21 13:45:14,610 INFO be.kdg.programming3.mangaStore.repository.javaCollection.ListMangakaRepository [main] Creating the mangaka Mangaka{id=-1, name='Mikio Ikemoto', gender=M, years=45, mangas=[Manga{id=2, title='Naruto', author='Masashi Kishimoto', chapters=700, written=2002-12-16, genre=ACTION, pricePerCopy=10.0}]}
2023-07-21 13:45:14,610 INFO be.kdg.programming3.mangaStore.repository.javaCollection.ListMangakaRepository [main] Creating the mangaka Mangaka{id=-1, name='Kentaro Miura', gender=M, years=54, mangas=[Manga{id=5, title='Berserk', author='Kentaro Miura', chapters=370, written=2003-03-29, genre=HORROR, pricePerCopy=10.99}]}
2023-07-21 13:45:17,287 INFO org.apache.juli.logging.DirectJDKLog [http-nio-8080-exec-1] Initializing Spring DispatcherServlet 'dispatcherServlet'
2023-07-21 13:45:17,287 INFO org.springframework.web.servlet.FrameworkServlet [http-nio-8080-exec-1] Initializing Servlet 'dispatcherServlet'
2023-07-21 13:45:17,288 INFO org.springframework.web.servlet.FrameworkServlet [http-nio-8080-exec-1] Completed initialization in 0 ms
2023-07-21 13:45:17,337 INFO be.kdg.programming3.mangaStore.presentation.MangaController [http-nio-8080-exec-1] controller is running showMangasView!
2023-07-21 14:02:18,208 INFO org.springframework.boot.StartupInfoLogger [main] Starting MangaLibraryApplication using Java 17 on LAPTOP-I9SLKJ6M with PID 28456 (C:\Users\nikol\IdeaProjects\NiceName\build\classes\java\main started by nikol in C:\Users\nikol\IdeaProjects\NiceName)
2023-07-21 14:02:18,212 INFO org.springframework.boot.SpringApplication [main] No active profile set, falling back to 1 default profile: "default"
2023-07-21 14:02:19,043 INFO org.springframework.boot.web.embedded.tomcat.TomcatWebServer [main] Tomcat initialized with port(s): 8080 (http)
2023-07-21 14:02:19,051 INFO org.apache.juli.logging.DirectJDKLog [main] Initializing ProtocolHandler ["http-nio-8080"]
2023-07-21 14:02:19,054 INFO org.apache.juli.logging.DirectJDKLog [main] Starting service [Tomcat]
2023-07-21 14:02:19,054 INFO org.apache.juli.logging.DirectJDKLog [main] Starting Servlet engine: [Apache Tomcat/9.0.65]
2023-07-21 14:02:19,157 INFO org.apache.juli.logging.DirectJDKLog [main] Initializing Spring embedded WebApplicationContext
2023-07-21 14:02:19,157 INFO org.springframework.boot.web.servlet.context.ServletWebServerApplicationContext [main] Root WebApplicationContext: initialization completed in 897 ms
2023-07-21 14:02:19,240 DEBUG be.kdg.programming3.mangaStore.service.MangaServiceImpl [main] constructor mangaService implementation
2023-07-21 14:02:19,244 INFO be.kdg.programming3.mangaStore.service.MangakaServiceImpl [main] Creating MangakaRepository
2023-07-21 14:02:19,541 INFO org.apache.juli.logging.DirectJDKLog [main] Starting ProtocolHandler ["http-nio-8080"]
2023-07-21 14:02:19,557 INFO org.springframework.boot.web.embedded.tomcat.TomcatWebServer [main] Tomcat started on port(s): 8080 (http) with context path ''
2023-07-21 14:02:19,566 INFO org.springframework.boot.StartupInfoLogger [main] Started MangaLibraryApplication in 1.73 seconds (JVM running for 2.385)
2023-07-21 14:02:19,569 INFO be.kdg.programming3.mangaStore.repository.javaCollection.ListMangakaRepository [main] Creating the mangaka Mangaka{id=-1, name='Eiichiro Oda', gender=M, years=47, mangas=[Manga{id=1, title='One Piece', author='Eiichiro Oda', chapters=1062, written=2001-08-11, genre=SHONEN, pricePerCopy=12.5}]}
2023-07-21 14:02:19,578 INFO be.kdg.programming3.mangaStore.repository.javaCollection.ListMangakaRepository [main] Creating the mangaka Mangaka{id=-1, name='Kouji Mori', gender=M, years=55, mangas=[Manga{id=5, title='Berserk', author='Kentaro Miura', chapters=370, written=2003-03-29, genre=HORROR, pricePerCopy=10.99}, Manga{id=6, title='Jisatsutou', author='Kouji Mori', chapters=168, written=2002-04-01, genre=HORROR, pricePerCopy=11.99}]}
2023-07-21 14:02:19,579 INFO be.kdg.programming3.mangaStore.repository.javaCollection.ListMangakaRepository [main] Creating the mangaka Mangaka{id=-1, name='Masashi Kishimoto', gender=M, years=47, mangas=[Manga{id=2, title='Naruto', author='Masashi Kishimoto', chapters=700, written=2002-12-16, genre=ACTION, pricePerCopy=10.0}]}
2023-07-21 14:02:19,579 INFO be.kdg.programming3.mangaStore.repository.javaCollection.ListMangakaRepository [main] Creating the mangaka Mangaka{id=-1, name='Tite Kubo', gender=M, years=45, mangas=[Manga{id=3, title='Bleach', author='Tite Kubo', chapters=686, written=2003-10-20, genre=FANTASY, pricePerCopy=13.6}]}
2023-07-21 14:02:19,579 INFO be.kdg.programming3.mangaStore.repository.javaCollection.ListMangakaRepository [main] Creating the mangaka Mangaka{id=-1, name='Naoshi Komi', gender=M, years=36, mangas=[Manga{id=4, title='Nisekoi', author='Naoshi Komi', chapters=282, written=2004-06-02, genre=ROMANCE, pricePerCopy=11.3}]}
2023-07-21 14:02:19,579 INFO be.kdg.programming3.mangaStore.repository.javaCollection.ListMangakaRepository [main] Creating the mangaka Mangaka{id=-1, name='Mikio Ikemoto', gender=M, years=45, mangas=[Manga{id=2, title='Naruto', author='Masashi Kishimoto', chapters=700, written=2002-12-16, genre=ACTION, pricePerCopy=10.0}]}
2023-07-21 14:02:19,579 INFO be.kdg.programming3.mangaStore.repository.javaCollection.ListMangakaRepository [main] Creating the mangaka Mangaka{id=-1, name='Kentaro Miura', gender=M, years=54, mangas=[Manga{id=5, title='Berserk', author='Kentaro Miura', chapters=370, written=2003-03-29, genre=HORROR, pricePerCopy=10.99}]}
2023-07-21 14:02:28,232 INFO org.apache.juli.logging.DirectJDKLog [http-nio-8080-exec-1] Initializing Spring DispatcherServlet 'dispatcherServlet'
2023-07-21 14:02:28,233 INFO org.springframework.web.servlet.FrameworkServlet [http-nio-8080-exec-1] Initializing Servlet 'dispatcherServlet'
2023-07-21 14:02:28,233 INFO org.springframework.web.servlet.FrameworkServlet [http-nio-8080-exec-1] Completed initialization in 0 ms
2023-07-21 14:02:28,283 INFO be.kdg.programming3.mangaStore.presentation.MangaController [http-nio-8080-exec-1] controller is running showMangasView!
